<?xml version="1.0" encoding="UTF-8"?>
<testsuite xmlns:xsi="http://www.w3.org/2001/XMLSchema-instance" xsi:noNamespaceSchemaLocation="https://maven.apache.org/surefire/maven-surefire-plugin/xsd/surefire-test-report-3.0.xsd" version="3.0" name="com.bezkoder.spring.files.upload.SpringBootUploadFilesApplicationTests" time="4.193" tests="1" errors="0" skipped="0" failures="0">
  <properties>
[...]
</properties>
  <testcase name="contextLoads" classname="com.bezkoder.spring.files.upload.SpringBootUploadFilesApplicationTests" time="1.342">
    <system-out><![CDATA[23:16:21.046 [main] INFO org.springframework.test.context.support.AnnotationConfigContextLoaderUtils -- Could not detect default configuration classes for test class [com.bezkoder.spring.files.upload.SpringBootUploadFilesApplicationTests]: SpringBootUploadFilesApplicationTests does not declare any static, non-private, non-final, nested classes annotated with @Configuration.
23:16:21.172 [main] INFO org.springframework.boot.test.context.SpringBootTestContextBootstrapper -- Found @SpringBootConfiguration com.bezkoder.spring.files.upload.SpringBootUploadFilesApplication for test class com.bezkoder.spring.files.upload.SpringBootUploadFilesApplicationTests

  .   ____          _            __ _ _
 /\\ / ___'_ __ _ _(_)_ __  __ _ \ \ \ \
( ( )\___ | '_ | '_| | '_ \/ _` | \ \ \ \
 \\/  ___)| |_)| | | | | || (_| |  ) ) ) )
  '  |____| .__|_| |_|_| |_\__, | / / / /
 =========|_|==============|___/=/_/_/_/
 :: Spring Boot ::                (v3.1.0)

2023-10-19T23:16:22.040+08:00  INFO 28520 --- [           main] .u.SpringBootUploadFilesApplicationTests : Starting SpringBootUploadFilesApplicationTests using Java 17.0.5 with PID 28520 (started by felix in C:\Users\felix\Desktop\spring\sendHoLi)
2023-10-19T23:16:22.042+08:00  INFO 28520 --- [           main] .u.SpringBootUploadFilesApplicationTests : No active profile set, falling back to 1 default profile: "default"
2023-10-19T23:16:23.609+08:00  WARN 28520 --- [           main] ion$DefaultTemplateResolverConfiguration : Cannot find template location: classpath:/templates/ (please add some templates, check your Thymeleaf configuration, or set spring.thymeleaf.check-template-location=false)
2023-10-19T23:16:23.669+08:00  INFO 28520 --- [           main] .u.SpringBootUploadFilesApplicationTests : Started SpringBootUploadFilesApplicationTests in 2.17 seconds (process running for 3.659)
]]></system-out>
  </testcase>
</testsuite>